<?xml version="1.0" encoding="UTF-8"?>
<!-- Generated by org.testng.reporters.JUnitReportReporter -->
<testsuite hostname="Hay" failures="0" tests="6" name="API_Test.APILoginPage" time="3.533" errors="0" timestamp="2023-05-09T20:09:26 EDT" skipped="0">
  <testcase classname="API_Test.APILoginPage" name="inValidToken" time="0.349"/>
  <system-out/>
  <testcase classname="API_Test.APILoginPage" name="validateToken" time="0.234"/>
  <system-out/>
  <testcase classname="API_Test.APILoginPage" name="testcase1ValidLogin" time="2.257"/>
  <system-out/>
  <testcase classname="API_Test.APILoginPage" name="testcase4WrongUsernamePassword" time="0.250"/>
  <system-out/>
  <testcase classname="API_Test.APILoginPage" name="testcase2IncorrectEndpoint" time="0.210"/>
  <system-out/>
  <testcase classname="API_Test.APILoginPage" name="testcase3ImproperBody" time="0.233"/>
  <system-out/>
</testsuite> <!-- API_Test.APILoginPage -->
