<?xml version="1.0" encoding="UTF-8"?>
<!-- Generated by org.testng.reporters.JUnitReportReporter -->
<testsuite hostname="Juneberriez" failures="0" tests="6" name="API_Test.APITests" time="3.368" errors="0" timestamp="2023-05-09T22:56:24 EDT" skipped="0">
  <testcase classname="API_Test.APITests" name="inValidToken" time="0.330"/>
  <system-out/>
  <testcase classname="API_Test.APITests" name="validateToken" time="0.243"/>
  <system-out/>
  <testcase classname="API_Test.APITests" name="testcase4WrongUsernamePassword" time="0.230"/>
  <system-out/>
  <testcase classname="API_Test.APITests" name="testcase2IncorrectEndpoint" time="0.243"/>
  <system-out/>
  <testcase classname="API_Test.APITests" name="testcase1ValidLogin" time="2.091"/>
  <system-out/>
  <testcase classname="API_Test.APITests" name="testcase3ImproperBody" time="0.231"/>
  <system-out/>
</testsuite> <!-- API_Test.APITests -->
