<?xml version="1.0" encoding="UTF-8"?>
<!-- Generated by org.testng.reporters.JUnitReportReporter -->
<testsuite hostname="Hay" failures="0" tests="4" name="API_Test.APILoginPage" time="2.923" errors="0" timestamp="2023-05-09T20:22:08 EDT" skipped="0">
  <testcase classname="API_Test.APILoginPage" name="testcase3ImproperBody" time="0.226"/>
  <system-out/>
  <testcase classname="API_Test.APILoginPage" name="testcase2IncorrectEndpoint" time="0.222"/>
  <system-out/>
  <testcase classname="API_Test.APILoginPage" name="testcase1ValidLogin" time="2.250"/>
  <system-out/>
  <testcase classname="API_Test.APILoginPage" name="testcase4WrongUsernamePassword" time="0.225"/>
  <system-out/>
</testsuite> <!-- API_Test.APILoginPage -->
