<?xml version="1.0" encoding="UTF-8"?>
<!-- Generated by org.testng.reporters.JUnitReportReporter -->
<testsuite hostname="Hay" failures="0" tests="6" name="API_Test.APITests" time="3.901" errors="0" timestamp="2023-05-09T20:21:07 EDT" skipped="0">
  <testcase classname="API_Test.APITests" name="testcase3ImproperBody" time="0.219"/>
  <system-out/>
  <testcase classname="API_Test.APITests" name="testcase1ValidLogin" time="2.663"/>
  <system-out/>
  <testcase classname="API_Test.APITests" name="testcase4WrongUsernamePassword" time="0.216"/>
  <system-out/>
  <testcase classname="API_Test.APITests" name="inValidToken" time="0.346"/>
  <system-out/>
  <testcase classname="API_Test.APITests" name="testcase2IncorrectEndpoint" time="0.225"/>
  <system-out/>
  <testcase classname="API_Test.APITests" name="validateToken" time="0.232"/>
  <system-out/>
</testsuite> <!-- API_Test.APITests -->
