<?xml version="1.0" encoding="UTF-8"?>
<!-- Generated by org.testng.reporters.JUnitReportReporter -->
<testsuite hostname="Hay" failures="0" tests="6" name="API_Test.APITests" time="3.680" errors="0" timestamp="2023-05-09T20:10:20 EDT" skipped="0">
  <testcase classname="API_Test.APITests" name="testcase1ValidLogin" time="2.285"/>
  <system-out/>
  <testcase classname="API_Test.APITests" name="validateToken" time="0.305"/>
  <system-out/>
  <testcase classname="API_Test.APITests" name="testcase3ImproperBody" time="0.232"/>
  <system-out/>
  <testcase classname="API_Test.APITests" name="testcase2IncorrectEndpoint" time="0.265"/>
  <system-out/>
  <testcase classname="API_Test.APITests" name="testcase4WrongUsernamePassword" time="0.218"/>
  <system-out/>
  <testcase classname="API_Test.APITests" name="inValidToken" time="0.375"/>
  <system-out/>
</testsuite> <!-- API_Test.APITests -->
