<?xml version="1.0" encoding="UTF-8"?>
<!-- Generated by org.testng.reporters.JUnitReportReporter -->
<testsuite hostname="Juneberriez" failures="0" tests="4" name="API_Test.APILoginPage" time="3.052" errors="0" timestamp="2023-05-09T22:56:42 EDT" skipped="0">
  <testcase classname="API_Test.APILoginPage" name="testcase3ImproperBody" time="0.233"/>
  <system-out/>
  <testcase classname="API_Test.APILoginPage" name="testcase4WrongUsernamePassword" time="0.239"/>
  <system-out/>
  <testcase classname="API_Test.APILoginPage" name="testcase1ValidLogin" time="2.314"/>
  <system-out/>
  <testcase classname="API_Test.APILoginPage" name="testcase2IncorrectEndpoint" time="0.266"/>
  <system-out/>
</testsuite> <!-- API_Test.APILoginPage -->
